2025-02-11 16:46:54,359 - INFO - Using device: cuda
2025-02-11 16:46:54,389 - INFO - Number of training samples: 1779
2025-02-11 16:46:54,389 - INFO - Number of validation samples: 461
2025-02-11 16:48:09,882 - INFO - Epoch 1/50:
2025-02-11 16:48:09,882 - INFO - Train Loss: 3.235 | Train Acc: 4.89%
2025-02-11 16:48:09,882 - INFO - Val Loss: 3.544 | Val Acc: 7.59%
2025-02-11 16:48:10,027 - INFO - Saved best model to D:\ul8ziz\GitHub\thamudic-language-module\models\checkpoints\best_model.pt
2025-02-11 16:49:22,821 - INFO - Epoch 2/50:
2025-02-11 16:49:22,821 - INFO - Train Loss: 2.883 | Train Acc: 11.47%
2025-02-11 16:49:22,822 - INFO - Val Loss: 2.522 | Val Acc: 19.74%
2025-02-11 16:49:22,982 - INFO - Saved best model to D:\ul8ziz\GitHub\thamudic-language-module\models\checkpoints\best_model.pt
2025-02-11 16:50:33,985 - INFO - Epoch 3/50:
2025-02-11 16:50:33,987 - INFO - Train Loss: 2.583 | Train Acc: 16.36%
2025-02-11 16:50:33,987 - INFO - Val Loss: 2.506 | Val Acc: 19.96%
2025-02-11 16:50:34,155 - INFO - Saved best model to D:\ul8ziz\GitHub\thamudic-language-module\models\checkpoints\best_model.pt
2025-02-11 16:51:45,142 - INFO - Epoch 4/50:
2025-02-11 16:51:45,142 - INFO - Train Loss: 2.301 | Train Acc: 24.62%
2025-02-11 16:51:45,142 - INFO - Val Loss: 2.821 | Val Acc: 19.31%
2025-02-11 16:52:57,354 - INFO - Epoch 5/50:
2025-02-11 16:52:57,354 - INFO - Train Loss: 2.107 | Train Acc: 27.43%
2025-02-11 16:52:57,355 - INFO - Val Loss: 1.818 | Val Acc: 36.44%
2025-02-11 16:52:57,502 - INFO - Saved best model to D:\ul8ziz\GitHub\thamudic-language-module\models\checkpoints\best_model.pt
2025-02-11 16:54:09,516 - INFO - Epoch 6/50:
2025-02-11 16:54:09,521 - INFO - Train Loss: 1.820 | Train Acc: 37.61%
2025-02-11 16:54:09,521 - INFO - Val Loss: 1.533 | Val Acc: 45.77%
2025-02-11 16:54:09,664 - INFO - Saved best model to D:\ul8ziz\GitHub\thamudic-language-module\models\checkpoints\best_model.pt
2025-02-11 16:55:21,493 - INFO - Epoch 7/50:
2025-02-11 16:55:21,494 - INFO - Train Loss: 1.593 | Train Acc: 44.63%
2025-02-11 16:55:21,494 - INFO - Val Loss: 1.253 | Val Acc: 50.11%
2025-02-11 16:55:21,639 - INFO - Saved best model to D:\ul8ziz\GitHub\thamudic-language-module\models\checkpoints\best_model.pt
2025-02-11 16:56:33,671 - INFO - Epoch 8/50:
2025-02-11 16:56:33,671 - INFO - Train Loss: 1.395 | Train Acc: 52.61%
2025-02-11 16:56:33,671 - INFO - Val Loss: 1.138 | Val Acc: 59.22%
2025-02-11 16:56:33,824 - INFO - Saved best model to D:\ul8ziz\GitHub\thamudic-language-module\models\checkpoints\best_model.pt
2025-02-11 16:57:45,571 - INFO - Epoch 9/50:
2025-02-11 16:57:45,571 - INFO - Train Loss: 1.208 | Train Acc: 57.79%
2025-02-11 16:57:45,571 - INFO - Val Loss: 0.800 | Val Acc: 73.54%
2025-02-11 16:57:45,718 - INFO - Saved best model to D:\ul8ziz\GitHub\thamudic-language-module\models\checkpoints\best_model.pt
2025-02-11 16:58:57,232 - INFO - Epoch 10/50:
2025-02-11 16:58:57,232 - INFO - Train Loss: 1.128 | Train Acc: 61.83%
2025-02-11 16:58:57,232 - INFO - Val Loss: 0.782 | Val Acc: 72.45%
2025-02-11 16:58:57,385 - INFO - Saved best model to D:\ul8ziz\GitHub\thamudic-language-module\models\checkpoints\best_model.pt
2025-02-11 17:00:13,631 - INFO - Epoch 11/50:
2025-02-11 17:00:13,631 - INFO - Train Loss: 0.912 | Train Acc: 67.40%
2025-02-11 17:00:13,631 - INFO - Val Loss: 0.863 | Val Acc: 70.72%
2025-02-11 17:01:28,118 - INFO - Epoch 12/50:
2025-02-11 17:01:28,118 - INFO - Train Loss: 0.847 | Train Acc: 71.22%
2025-02-11 17:01:28,118 - INFO - Val Loss: 0.568 | Val Acc: 81.56%
2025-02-11 17:01:28,341 - INFO - Saved best model to D:\ul8ziz\GitHub\thamudic-language-module\models\checkpoints\best_model.pt
2025-02-11 17:02:44,565 - INFO - Epoch 13/50:
2025-02-11 17:02:44,565 - INFO - Train Loss: 0.719 | Train Acc: 75.15%
2025-02-11 17:02:44,565 - INFO - Val Loss: 0.766 | Val Acc: 66.16%
2025-02-11 17:04:00,511 - INFO - Epoch 14/50:
2025-02-11 17:04:00,514 - INFO - Train Loss: 0.690 | Train Acc: 76.05%
2025-02-11 17:04:00,514 - INFO - Val Loss: 0.444 | Val Acc: 85.03%
2025-02-11 17:04:00,746 - INFO - Saved best model to D:\ul8ziz\GitHub\thamudic-language-module\models\checkpoints\best_model.pt
2025-02-11 17:05:16,468 - INFO - Epoch 15/50:
2025-02-11 17:05:16,468 - INFO - Train Loss: 0.634 | Train Acc: 77.91%
2025-02-11 17:05:16,468 - INFO - Val Loss: 0.525 | Val Acc: 82.43%
2025-02-11 17:06:32,039 - INFO - Epoch 16/50:
2025-02-11 17:06:32,039 - INFO - Train Loss: 0.525 | Train Acc: 82.74%
2025-02-11 17:06:32,039 - INFO - Val Loss: 0.225 | Val Acc: 93.71%
2025-02-11 17:06:32,260 - INFO - Saved best model to D:\ul8ziz\GitHub\thamudic-language-module\models\checkpoints\best_model.pt
2025-02-11 17:07:47,448 - INFO - Epoch 17/50:
2025-02-11 17:07:47,448 - INFO - Train Loss: 0.473 | Train Acc: 83.98%
2025-02-11 17:07:47,448 - INFO - Val Loss: 0.335 | Val Acc: 88.29%
2025-02-11 17:09:02,996 - INFO - Epoch 18/50:
2025-02-11 17:09:02,997 - INFO - Train Loss: 0.498 | Train Acc: 84.37%
2025-02-11 17:09:02,997 - INFO - Val Loss: 0.219 | Val Acc: 90.46%
2025-02-11 17:09:03,213 - INFO - Saved best model to D:\ul8ziz\GitHub\thamudic-language-module\models\checkpoints\best_model.pt
2025-02-11 17:10:18,758 - INFO - Epoch 19/50:
2025-02-11 17:10:18,758 - INFO - Train Loss: 0.408 | Train Acc: 84.60%
2025-02-11 17:10:18,758 - INFO - Val Loss: 0.268 | Val Acc: 89.15%
2025-02-11 17:11:32,689 - INFO - Epoch 20/50:
2025-02-11 17:11:32,691 - INFO - Train Loss: 0.404 | Train Acc: 86.45%
2025-02-11 17:11:32,691 - INFO - Val Loss: 0.289 | Val Acc: 88.72%
2025-02-11 17:14:14,411 - INFO - Epoch 21/50:
2025-02-11 17:14:14,411 - INFO - Train Loss: 0.284 | Train Acc: 91.40%
2025-02-11 17:14:14,411 - INFO - Val Loss: 0.203 | Val Acc: 92.19%
2025-02-11 17:14:14,593 - INFO - Saved best model to D:\ul8ziz\GitHub\thamudic-language-module\models\checkpoints\best_model.pt
2025-02-11 17:15:43,763 - INFO - Epoch 22/50:
2025-02-11 17:15:43,763 - INFO - Train Loss: 0.331 | Train Acc: 89.43%
2025-02-11 17:15:43,763 - INFO - Val Loss: 1.466 | Val Acc: 73.54%
2025-02-11 17:17:13,339 - INFO - Epoch 23/50:
2025-02-11 17:17:13,341 - INFO - Train Loss: 0.373 | Train Acc: 88.59%
2025-02-11 17:17:13,341 - INFO - Val Loss: 0.156 | Val Acc: 95.88%
2025-02-11 17:17:13,516 - INFO - Saved best model to D:\ul8ziz\GitHub\thamudic-language-module\models\checkpoints\best_model.pt
2025-02-11 17:18:41,909 - INFO - Epoch 24/50:
2025-02-11 17:18:41,913 - INFO - Train Loss: 0.317 | Train Acc: 89.04%
2025-02-11 17:18:41,913 - INFO - Val Loss: 0.132 | Val Acc: 94.58%
2025-02-11 17:18:42,078 - INFO - Saved best model to D:\ul8ziz\GitHub\thamudic-language-module\models\checkpoints\best_model.pt
2025-02-11 17:20:10,665 - INFO - Epoch 25/50:
2025-02-11 17:20:10,666 - INFO - Train Loss: 0.211 | Train Acc: 93.09%
2025-02-11 17:20:10,666 - INFO - Val Loss: 0.088 | Val Acc: 96.53%
2025-02-11 17:20:10,832 - INFO - Saved best model to D:\ul8ziz\GitHub\thamudic-language-module\models\checkpoints\best_model.pt
2025-02-11 17:21:39,427 - INFO - Epoch 26/50:
2025-02-11 17:21:39,427 - INFO - Train Loss: 0.174 | Train Acc: 94.60%
2025-02-11 17:21:39,427 - INFO - Val Loss: 0.077 | Val Acc: 96.75%
2025-02-11 17:21:39,594 - INFO - Saved best model to D:\ul8ziz\GitHub\thamudic-language-module\models\checkpoints\best_model.pt
2025-02-11 17:23:07,994 - INFO - Epoch 27/50:
2025-02-11 17:23:07,995 - INFO - Train Loss: 0.176 | Train Acc: 93.76%
2025-02-11 17:23:07,995 - INFO - Val Loss: 0.097 | Val Acc: 96.96%
2025-02-11 17:24:35,641 - INFO - Epoch 28/50:
2025-02-11 17:24:35,642 - INFO - Train Loss: 0.172 | Train Acc: 94.27%
2025-02-11 17:24:35,642 - INFO - Val Loss: 0.027 | Val Acc: 99.35%
2025-02-11 17:24:35,806 - INFO - Saved best model to D:\ul8ziz\GitHub\thamudic-language-module\models\checkpoints\best_model.pt
2025-02-11 17:26:04,331 - INFO - Epoch 29/50:
2025-02-11 17:26:04,331 - INFO - Train Loss: 0.212 | Train Acc: 92.80%
2025-02-11 17:26:04,331 - INFO - Val Loss: 0.209 | Val Acc: 93.06%
2025-02-11 17:27:32,077 - INFO - Epoch 30/50:
2025-02-11 17:27:32,077 - INFO - Train Loss: 0.154 | Train Acc: 94.83%
2025-02-11 17:27:32,077 - INFO - Val Loss: 0.012 | Val Acc: 100.00%
2025-02-11 17:27:32,253 - INFO - Saved best model to D:\ul8ziz\GitHub\thamudic-language-module\models\checkpoints\best_model.pt
2025-02-11 17:29:02,281 - INFO - Epoch 31/50:
2025-02-11 17:29:02,282 - INFO - Train Loss: 0.139 | Train Acc: 95.73%
2025-02-11 17:29:02,282 - INFO - Val Loss: 0.038 | Val Acc: 97.83%
2025-02-11 17:59:53,685 - INFO - Epoch 32/50:
2025-02-11 17:59:53,685 - INFO - Train Loss: 0.150 | Train Acc: 95.05%
2025-02-11 17:59:53,685 - INFO - Val Loss: 0.052 | Val Acc: 97.83%
2025-02-11 18:01:10,865 - INFO - Epoch 33/50:
2025-02-11 18:01:10,865 - INFO - Train Loss: 0.197 | Train Acc: 94.04%
2025-02-11 18:01:10,866 - INFO - Val Loss: 0.058 | Val Acc: 98.26%
2025-02-11 18:02:22,871 - INFO - Epoch 34/50:
2025-02-11 18:02:22,871 - INFO - Train Loss: 0.135 | Train Acc: 95.45%
2025-02-11 18:02:22,871 - INFO - Val Loss: 0.077 | Val Acc: 96.96%
2025-02-11 18:03:35,429 - INFO - Epoch 35/50:
2025-02-11 18:03:35,429 - INFO - Train Loss: 0.119 | Train Acc: 96.23%
2025-02-11 18:03:35,429 - INFO - Val Loss: 0.006 | Val Acc: 100.00%
2025-02-11 18:03:35,605 - INFO - Saved best model to D:\ul8ziz\GitHub\thamudic-language-module\models\checkpoints\best_model.pt
2025-02-11 18:04:47,356 - INFO - Epoch 36/50:
2025-02-11 18:04:47,356 - INFO - Train Loss: 0.072 | Train Acc: 97.98%
2025-02-11 18:04:47,356 - INFO - Val Loss: 0.007 | Val Acc: 100.00%
2025-02-11 18:06:00,353 - INFO - Epoch 37/50:
2025-02-11 18:06:00,353 - INFO - Train Loss: 0.059 | Train Acc: 98.71%
2025-02-11 18:06:00,353 - INFO - Val Loss: 0.005 | Val Acc: 100.00%
2025-02-11 18:06:00,516 - INFO - Saved best model to D:\ul8ziz\GitHub\thamudic-language-module\models\checkpoints\best_model.pt
2025-02-11 18:07:12,366 - INFO - Epoch 38/50:
2025-02-11 18:07:12,366 - INFO - Train Loss: 0.075 | Train Acc: 98.26%
2025-02-11 18:07:12,366 - INFO - Val Loss: 0.006 | Val Acc: 100.00%
2025-02-11 18:08:23,940 - INFO - Epoch 39/50:
2025-02-11 18:08:23,940 - INFO - Train Loss: 0.069 | Train Acc: 97.98%
2025-02-11 18:08:23,940 - INFO - Val Loss: 0.004 | Val Acc: 100.00%
2025-02-11 18:08:24,090 - INFO - Saved best model to D:\ul8ziz\GitHub\thamudic-language-module\models\checkpoints\best_model.pt
2025-02-11 18:09:39,316 - INFO - Epoch 40/50:
2025-02-11 18:09:39,316 - INFO - Train Loss: 0.064 | Train Acc: 97.98%
2025-02-11 18:09:39,316 - INFO - Val Loss: 0.003 | Val Acc: 100.00%
2025-02-11 18:09:39,491 - INFO - Saved best model to D:\ul8ziz\GitHub\thamudic-language-module\models\checkpoints\best_model.pt
2025-02-11 18:10:53,645 - INFO - Epoch 41/50:
2025-02-11 18:10:53,645 - INFO - Train Loss: 0.055 | Train Acc: 98.48%
2025-02-11 18:10:53,645 - INFO - Val Loss: 0.004 | Val Acc: 100.00%
2025-02-11 18:12:07,687 - INFO - Epoch 42/50:
2025-02-11 18:12:07,690 - INFO - Train Loss: 0.047 | Train Acc: 98.48%
2025-02-11 18:12:07,690 - INFO - Val Loss: 0.002 | Val Acc: 100.00%
2025-02-11 18:12:07,916 - INFO - Saved best model to D:\ul8ziz\GitHub\thamudic-language-module\models\checkpoints\best_model.pt
2025-02-11 18:13:21,673 - INFO - Epoch 43/50:
2025-02-11 18:13:21,674 - INFO - Train Loss: 0.055 | Train Acc: 98.54%
2025-02-11 18:13:21,674 - INFO - Val Loss: 0.001 | Val Acc: 100.00%
2025-02-11 18:13:21,908 - INFO - Saved best model to D:\ul8ziz\GitHub\thamudic-language-module\models\checkpoints\best_model.pt
2025-02-11 18:14:36,470 - INFO - Epoch 44/50:
2025-02-11 18:14:36,470 - INFO - Train Loss: 0.054 | Train Acc: 98.65%
2025-02-11 18:14:36,470 - INFO - Val Loss: 0.002 | Val Acc: 100.00%
2025-02-11 18:15:50,129 - INFO - Epoch 45/50:
2025-02-11 18:15:50,129 - INFO - Train Loss: 0.053 | Train Acc: 98.71%
2025-02-11 18:15:50,129 - INFO - Val Loss: 0.001 | Val Acc: 100.00%
2025-02-11 18:15:50,281 - INFO - Saved best model to D:\ul8ziz\GitHub\thamudic-language-module\models\checkpoints\best_model.pt
2025-02-11 18:17:02,397 - INFO - Epoch 46/50:
2025-02-11 18:17:02,397 - INFO - Train Loss: 0.051 | Train Acc: 98.82%
2025-02-11 18:17:02,398 - INFO - Val Loss: 0.002 | Val Acc: 100.00%
2025-02-11 18:18:14,741 - INFO - Epoch 47/50:
2025-02-11 18:18:14,742 - INFO - Train Loss: 0.053 | Train Acc: 98.37%
2025-02-11 18:18:14,742 - INFO - Val Loss: 0.002 | Val Acc: 100.00%
2025-02-11 18:19:30,067 - INFO - Epoch 48/50:
2025-02-11 18:19:30,067 - INFO - Train Loss: 0.065 | Train Acc: 98.26%
2025-02-11 18:19:30,067 - INFO - Val Loss: 0.002 | Val Acc: 100.00%
2025-02-11 18:20:43,976 - INFO - Epoch 49/50:
2025-02-11 18:20:43,976 - INFO - Train Loss: 0.046 | Train Acc: 98.65%
2025-02-11 18:20:43,976 - INFO - Val Loss: 0.003 | Val Acc: 100.00%
2025-02-11 18:21:57,343 - INFO - Epoch 50/50:
2025-02-11 18:21:57,343 - INFO - Train Loss: 0.040 | Train Acc: 99.16%
2025-02-11 18:21:57,343 - INFO - Val Loss: 0.002 | Val Acc: 100.00%
2025-02-11 18:21:57,343 - INFO - Early stopping triggered
2025-02-11 18:21:57,347 - INFO - Training completed successfully
2025-02-13 16:42:29,034 - INFO - Using device: cuda
2025-02-13 16:42:29,061 - INFO - Number of training samples: 1779
2025-02-13 16:42:29,062 - INFO - Number of validation samples: 461
2025-02-13 16:43:40,472 - INFO - Epoch 1/50:
2025-02-13 16:43:40,473 - INFO - Train Loss: 3.234 | Train Acc: 4.89%
2025-02-13 16:43:40,473 - INFO - Val Loss: 3.095 | Val Acc: 7.59%
2025-02-13 16:43:40,619 - INFO - Checkpoint saved successfully to d:\ul8ziz\GitHub\thamudic-language-module\models\checkpoints\best_model.pt
2025-02-13 16:43:40,620 - INFO - Saved best model to d:\ul8ziz\GitHub\thamudic-language-module\models\checkpoints\best_model.pt
2025-02-13 16:44:49,002 - INFO - Epoch 2/50:
2025-02-13 16:44:49,005 - INFO - Train Loss: 2.848 | Train Acc: 11.41%
2025-02-13 16:44:49,005 - INFO - Val Loss: 3.151 | Val Acc: 12.15%
2025-02-13 17:02:26,394 - INFO - Using device: cuda
2025-02-13 17:02:26,412 - INFO - Number of training samples: 1779
2025-02-13 17:02:26,413 - INFO - Number of validation samples: 461
2025-02-13 17:03:38,109 - INFO - Epoch 1/50:
2025-02-13 17:03:38,109 - INFO - Train Loss: 3.250 | Train Acc: 4.22%
2025-02-13 17:03:38,109 - INFO - Val Loss: 16.054 | Val Acc: 4.77%
2025-02-13 17:03:38,257 - INFO - Checkpoint saved successfully to d:\ul8ziz\GitHub\thamudic-language-module\models\checkpoints\best_model.pt
2025-02-13 17:03:38,258 - INFO - Saved best model to d:\ul8ziz\GitHub\thamudic-language-module\models\checkpoints\best_model.pt
2025-02-13 17:04:49,463 - INFO - Epoch 2/50:
2025-02-13 17:04:49,463 - INFO - Train Loss: 2.904 | Train Acc: 10.17%
2025-02-13 17:04:49,463 - INFO - Val Loss: 2.552 | Val Acc: 17.57%
2025-02-13 17:04:49,616 - INFO - Checkpoint saved successfully to d:\ul8ziz\GitHub\thamudic-language-module\models\checkpoints\best_model.pt
2025-02-13 17:04:49,616 - INFO - Saved best model to d:\ul8ziz\GitHub\thamudic-language-module\models\checkpoints\best_model.pt
2025-02-13 17:06:01,294 - INFO - Epoch 3/50:
2025-02-13 17:06:01,294 - INFO - Train Loss: 2.580 | Train Acc: 16.19%
2025-02-13 17:06:01,295 - INFO - Val Loss: 2.538 | Val Acc: 17.79%
2025-02-13 17:06:01,446 - INFO - Checkpoint saved successfully to d:\ul8ziz\GitHub\thamudic-language-module\models\checkpoints\best_model.pt
2025-02-13 17:06:01,446 - INFO - Saved best model to d:\ul8ziz\GitHub\thamudic-language-module\models\checkpoints\best_model.pt
2025-02-13 17:07:12,654 - INFO - Epoch 4/50:
2025-02-13 17:07:12,654 - INFO - Train Loss: 2.322 | Train Acc: 23.38%
2025-02-13 17:07:12,654 - INFO - Val Loss: 2.302 | Val Acc: 25.16%
2025-02-13 17:07:12,805 - INFO - Checkpoint saved successfully to d:\ul8ziz\GitHub\thamudic-language-module\models\checkpoints\best_model.pt
2025-02-13 17:07:12,805 - INFO - Saved best model to d:\ul8ziz\GitHub\thamudic-language-module\models\checkpoints\best_model.pt
2025-02-13 17:08:24,293 - INFO - Epoch 5/50:
2025-02-13 17:08:24,294 - INFO - Train Loss: 2.094 | Train Acc: 28.50%
2025-02-13 17:08:24,294 - INFO - Val Loss: 2.290 | Val Acc: 21.91%
2025-02-13 17:08:24,447 - INFO - Checkpoint saved successfully to d:\ul8ziz\GitHub\thamudic-language-module\models\checkpoints\best_model.pt
2025-02-13 17:08:24,448 - INFO - Saved best model to d:\ul8ziz\GitHub\thamudic-language-module\models\checkpoints\best_model.pt
2025-02-13 17:09:37,786 - INFO - Epoch 6/50:
2025-02-13 17:09:37,786 - INFO - Train Loss: 1.854 | Train Acc: 37.83%
2025-02-13 17:09:37,787 - INFO - Val Loss: 2.584 | Val Acc: 22.78%
2025-02-13 17:10:52,233 - INFO - Epoch 7/50:
2025-02-13 17:10:52,234 - INFO - Train Loss: 1.603 | Train Acc: 44.58%
2025-02-13 17:10:52,234 - INFO - Val Loss: 1.109 | Val Acc: 62.91%
2025-02-13 17:10:52,396 - INFO - Checkpoint saved successfully to d:\ul8ziz\GitHub\thamudic-language-module\models\checkpoints\best_model.pt
2025-02-13 17:10:52,397 - INFO - Saved best model to d:\ul8ziz\GitHub\thamudic-language-module\models\checkpoints\best_model.pt
2025-02-13 17:12:03,546 - INFO - Epoch 8/50:
2025-02-13 17:12:03,547 - INFO - Train Loss: 1.408 | Train Acc: 50.82%
2025-02-13 17:12:03,547 - INFO - Val Loss: 1.443 | Val Acc: 46.64%
2025-02-13 17:13:14,754 - INFO - Epoch 9/50:
2025-02-13 17:13:14,755 - INFO - Train Loss: 1.222 | Train Acc: 57.34%
2025-02-13 17:13:14,755 - INFO - Val Loss: 0.905 | Val Acc: 64.86%
2025-02-13 17:13:14,914 - INFO - Checkpoint saved successfully to d:\ul8ziz\GitHub\thamudic-language-module\models\checkpoints\best_model.pt
2025-02-13 17:13:14,914 - INFO - Saved best model to d:\ul8ziz\GitHub\thamudic-language-module\models\checkpoints\best_model.pt
2025-02-13 17:14:25,926 - INFO - Epoch 10/50:
2025-02-13 17:14:25,928 - INFO - Train Loss: 1.084 | Train Acc: 63.24%
2025-02-13 17:14:25,928 - INFO - Val Loss: 1.123 | Val Acc: 66.16%
2025-02-13 17:15:37,882 - INFO - Epoch 11/50:
2025-02-13 17:15:37,884 - INFO - Train Loss: 0.911 | Train Acc: 68.41%
2025-02-13 17:15:37,884 - INFO - Val Loss: 0.816 | Val Acc: 70.93%
2025-02-13 17:15:38,098 - INFO - Checkpoint saved successfully to d:\ul8ziz\GitHub\thamudic-language-module\models\checkpoints\best_model.pt
2025-02-13 17:15:38,099 - INFO - Saved best model to d:\ul8ziz\GitHub\thamudic-language-module\models\checkpoints\best_model.pt
2025-02-13 17:16:50,659 - INFO - Epoch 12/50:
2025-02-13 17:16:50,660 - INFO - Train Loss: 0.791 | Train Acc: 73.13%
2025-02-13 17:16:50,660 - INFO - Val Loss: 0.671 | Val Acc: 76.36%
2025-02-13 17:16:50,876 - INFO - Checkpoint saved successfully to d:\ul8ziz\GitHub\thamudic-language-module\models\checkpoints\best_model.pt
2025-02-13 17:16:50,876 - INFO - Saved best model to d:\ul8ziz\GitHub\thamudic-language-module\models\checkpoints\best_model.pt
2025-02-13 17:18:03,411 - INFO - Epoch 13/50:
2025-02-13 17:18:03,412 - INFO - Train Loss: 0.732 | Train Acc: 74.42%
2025-02-13 17:18:03,412 - INFO - Val Loss: 0.546 | Val Acc: 80.26%
2025-02-13 17:18:03,626 - INFO - Checkpoint saved successfully to d:\ul8ziz\GitHub\thamudic-language-module\models\checkpoints\best_model.pt
2025-02-13 17:18:03,626 - INFO - Saved best model to d:\ul8ziz\GitHub\thamudic-language-module\models\checkpoints\best_model.pt
2025-02-13 17:19:16,446 - INFO - Epoch 14/50:
2025-02-13 17:19:16,447 - INFO - Train Loss: 0.667 | Train Acc: 74.65%
2025-02-13 17:19:16,447 - INFO - Val Loss: 0.400 | Val Acc: 88.07%
2025-02-13 17:19:16,602 - INFO - Checkpoint saved successfully to d:\ul8ziz\GitHub\thamudic-language-module\models\checkpoints\best_model.pt
2025-02-13 17:19:16,603 - INFO - Saved best model to d:\ul8ziz\GitHub\thamudic-language-module\models\checkpoints\best_model.pt
2025-02-13 17:20:27,576 - INFO - Epoch 15/50:
2025-02-13 17:20:27,577 - INFO - Train Loss: 0.549 | Train Acc: 80.55%
2025-02-13 17:20:27,577 - INFO - Val Loss: 0.354 | Val Acc: 86.77%
2025-02-13 17:20:27,733 - INFO - Checkpoint saved successfully to d:\ul8ziz\GitHub\thamudic-language-module\models\checkpoints\best_model.pt
2025-02-13 17:20:27,733 - INFO - Saved best model to d:\ul8ziz\GitHub\thamudic-language-module\models\checkpoints\best_model.pt
2025-02-13 17:21:38,604 - INFO - Epoch 16/50:
2025-02-13 17:21:38,604 - INFO - Train Loss: 0.502 | Train Acc: 82.12%
2025-02-13 17:21:38,604 - INFO - Val Loss: 0.324 | Val Acc: 88.07%
2025-02-13 17:21:38,758 - INFO - Checkpoint saved successfully to d:\ul8ziz\GitHub\thamudic-language-module\models\checkpoints\best_model.pt
2025-02-13 17:21:38,758 - INFO - Saved best model to d:\ul8ziz\GitHub\thamudic-language-module\models\checkpoints\best_model.pt
2025-02-13 17:22:49,788 - INFO - Epoch 17/50:
2025-02-13 17:22:49,789 - INFO - Train Loss: 0.456 | Train Acc: 84.32%
2025-02-13 17:22:49,789 - INFO - Val Loss: 0.277 | Val Acc: 91.32%
2025-02-13 17:22:49,940 - INFO - Checkpoint saved successfully to d:\ul8ziz\GitHub\thamudic-language-module\models\checkpoints\best_model.pt
2025-02-13 17:22:49,942 - INFO - Saved best model to d:\ul8ziz\GitHub\thamudic-language-module\models\checkpoints\best_model.pt
2025-02-13 17:24:00,782 - INFO - Epoch 18/50:
2025-02-13 17:24:00,782 - INFO - Train Loss: 0.455 | Train Acc: 84.26%
2025-02-13 17:24:00,782 - INFO - Val Loss: 0.301 | Val Acc: 88.07%
2025-02-13 17:25:13,658 - INFO - Epoch 19/50:
2025-02-13 17:25:13,658 - INFO - Train Loss: 0.414 | Train Acc: 85.55%
2025-02-13 17:25:13,658 - INFO - Val Loss: 0.308 | Val Acc: 90.24%
2025-02-13 17:26:27,960 - INFO - Epoch 20/50:
2025-02-13 17:26:27,962 - INFO - Train Loss: 0.435 | Train Acc: 85.72%
2025-02-13 17:26:27,962 - INFO - Val Loss: 0.194 | Val Acc: 92.84%
2025-02-13 17:26:28,186 - INFO - Checkpoint saved successfully to d:\ul8ziz\GitHub\thamudic-language-module\models\checkpoints\best_model.pt
2025-02-13 17:26:28,186 - INFO - Saved best model to d:\ul8ziz\GitHub\thamudic-language-module\models\checkpoints\best_model.pt
2025-02-13 17:27:44,454 - INFO - Epoch 21/50:
2025-02-13 17:27:44,456 - INFO - Train Loss: 0.320 | Train Acc: 89.21%
2025-02-13 17:27:44,457 - INFO - Val Loss: 0.113 | Val Acc: 95.01%
2025-02-13 17:27:44,671 - INFO - Checkpoint saved successfully to d:\ul8ziz\GitHub\thamudic-language-module\models\checkpoints\best_model.pt
2025-02-13 17:27:44,673 - INFO - Saved best model to d:\ul8ziz\GitHub\thamudic-language-module\models\checkpoints\best_model.pt
2025-02-13 17:28:56,605 - INFO - Epoch 22/50:
2025-02-13 17:28:56,606 - INFO - Train Loss: 0.257 | Train Acc: 91.23%
2025-02-13 17:28:56,606 - INFO - Val Loss: 0.111 | Val Acc: 96.10%
2025-02-13 17:28:56,828 - INFO - Checkpoint saved successfully to d:\ul8ziz\GitHub\thamudic-language-module\models\checkpoints\best_model.pt
2025-02-13 17:28:56,829 - INFO - Saved best model to d:\ul8ziz\GitHub\thamudic-language-module\models\checkpoints\best_model.pt
2025-02-13 17:30:08,628 - INFO - Epoch 23/50:
2025-02-13 17:30:08,629 - INFO - Train Loss: 0.331 | Train Acc: 88.25%
2025-02-13 17:30:08,630 - INFO - Val Loss: 0.205 | Val Acc: 92.19%
2025-02-13 17:31:19,609 - INFO - Epoch 24/50:
2025-02-13 17:31:19,609 - INFO - Train Loss: 0.284 | Train Acc: 90.33%
2025-02-13 17:31:19,609 - INFO - Val Loss: 0.034 | Val Acc: 99.78%
2025-02-13 17:31:19,764 - INFO - Checkpoint saved successfully to d:\ul8ziz\GitHub\thamudic-language-module\models\checkpoints\best_model.pt
2025-02-13 17:31:19,764 - INFO - Saved best model to d:\ul8ziz\GitHub\thamudic-language-module\models\checkpoints\best_model.pt
2025-02-13 17:32:29,214 - INFO - Epoch 25/50:
2025-02-13 17:32:29,214 - INFO - Train Loss: 0.189 | Train Acc: 93.37%
2025-02-13 17:32:29,214 - INFO - Val Loss: 0.068 | Val Acc: 97.83%
2025-02-13 17:33:38,979 - INFO - Epoch 26/50:
2025-02-13 17:33:38,980 - INFO - Train Loss: 0.201 | Train Acc: 93.70%
2025-02-13 17:33:38,980 - INFO - Val Loss: 1.266 | Val Acc: 70.50%
2025-02-13 17:34:48,550 - INFO - Epoch 27/50:
2025-02-13 17:34:48,552 - INFO - Train Loss: 0.325 | Train Acc: 90.84%
2025-02-13 17:34:48,552 - INFO - Val Loss: 0.106 | Val Acc: 95.88%
2025-02-13 17:35:58,541 - INFO - Epoch 28/50:
2025-02-13 17:35:58,541 - INFO - Train Loss: 0.227 | Train Acc: 92.41%
2025-02-13 17:35:58,541 - INFO - Val Loss: 0.137 | Val Acc: 94.79%
2025-02-13 17:37:08,715 - INFO - Epoch 29/50:
2025-02-13 17:37:08,715 - INFO - Train Loss: 0.171 | Train Acc: 93.54%
2025-02-13 17:37:08,715 - INFO - Val Loss: 0.016 | Val Acc: 99.57%
2025-02-13 17:37:08,862 - INFO - Checkpoint saved successfully to d:\ul8ziz\GitHub\thamudic-language-module\models\checkpoints\best_model.pt
2025-02-13 17:37:08,864 - INFO - Saved best model to d:\ul8ziz\GitHub\thamudic-language-module\models\checkpoints\best_model.pt
2025-02-13 17:38:18,292 - INFO - Epoch 30/50:
2025-02-13 17:38:18,292 - INFO - Train Loss: 0.126 | Train Acc: 96.35%
2025-02-13 17:38:18,293 - INFO - Val Loss: 0.016 | Val Acc: 100.00%
2025-02-13 17:39:28,496 - INFO - Epoch 31/50:
2025-02-13 17:39:28,496 - INFO - Train Loss: 0.115 | Train Acc: 96.74%
2025-02-13 17:39:28,496 - INFO - Val Loss: 0.009 | Val Acc: 100.00%
2025-02-13 17:39:28,645 - INFO - Checkpoint saved successfully to d:\ul8ziz\GitHub\thamudic-language-module\models\checkpoints\best_model.pt
2025-02-13 17:39:28,645 - INFO - Saved best model to d:\ul8ziz\GitHub\thamudic-language-module\models\checkpoints\best_model.pt
2025-02-13 17:40:38,854 - INFO - Epoch 32/50:
2025-02-13 17:40:38,854 - INFO - Train Loss: 0.096 | Train Acc: 97.41%
2025-02-13 17:40:38,856 - INFO - Val Loss: 0.007 | Val Acc: 100.00%
2025-02-13 17:40:39,004 - INFO - Checkpoint saved successfully to d:\ul8ziz\GitHub\thamudic-language-module\models\checkpoints\best_model.pt
2025-02-13 17:40:39,006 - INFO - Saved best model to d:\ul8ziz\GitHub\thamudic-language-module\models\checkpoints\best_model.pt
2025-02-13 17:41:50,066 - INFO - Epoch 33/50:
2025-02-13 17:41:50,067 - INFO - Train Loss: 0.112 | Train Acc: 96.74%
2025-02-13 17:41:50,067 - INFO - Val Loss: 0.007 | Val Acc: 100.00%
2025-02-13 17:41:50,214 - INFO - Checkpoint saved successfully to d:\ul8ziz\GitHub\thamudic-language-module\models\checkpoints\best_model.pt
2025-02-13 17:41:50,214 - INFO - Saved best model to d:\ul8ziz\GitHub\thamudic-language-module\models\checkpoints\best_model.pt
2025-02-13 17:42:59,814 - INFO - Epoch 34/50:
2025-02-13 17:42:59,814 - INFO - Train Loss: 0.077 | Train Acc: 98.15%
2025-02-13 17:42:59,814 - INFO - Val Loss: 0.006 | Val Acc: 100.00%
2025-02-13 17:42:59,964 - INFO - Checkpoint saved successfully to d:\ul8ziz\GitHub\thamudic-language-module\models\checkpoints\best_model.pt
2025-02-13 17:42:59,966 - INFO - Saved best model to d:\ul8ziz\GitHub\thamudic-language-module\models\checkpoints\best_model.pt
2025-02-13 17:44:09,388 - INFO - Epoch 35/50:
2025-02-13 17:44:09,388 - INFO - Train Loss: 0.085 | Train Acc: 97.70%
2025-02-13 17:44:09,388 - INFO - Val Loss: 0.005 | Val Acc: 100.00%
2025-02-13 17:44:09,535 - INFO - Checkpoint saved successfully to d:\ul8ziz\GitHub\thamudic-language-module\models\checkpoints\best_model.pt
2025-02-13 17:44:09,536 - INFO - Saved best model to d:\ul8ziz\GitHub\thamudic-language-module\models\checkpoints\best_model.pt
2025-02-13 17:45:18,779 - INFO - Epoch 36/50:
2025-02-13 17:45:18,779 - INFO - Train Loss: 0.070 | Train Acc: 98.43%
2025-02-13 17:45:18,779 - INFO - Val Loss: 0.005 | Val Acc: 100.00%
2025-02-13 17:46:28,358 - INFO - Epoch 37/50:
2025-02-13 17:46:28,358 - INFO - Train Loss: 0.082 | Train Acc: 97.98%
2025-02-13 17:46:28,358 - INFO - Val Loss: 0.006 | Val Acc: 100.00%
2025-02-13 17:47:37,734 - INFO - Epoch 38/50:
2025-02-13 17:47:37,734 - INFO - Train Loss: 0.079 | Train Acc: 97.86%
2025-02-13 17:47:37,734 - INFO - Val Loss: 0.005 | Val Acc: 100.00%
2025-02-13 17:48:47,104 - INFO - Epoch 39/50:
2025-02-13 17:48:47,106 - INFO - Train Loss: 0.074 | Train Acc: 97.98%
2025-02-13 17:48:47,106 - INFO - Val Loss: 0.006 | Val Acc: 100.00%
2025-02-13 17:49:56,495 - INFO - Epoch 40/50:
2025-02-13 17:49:56,498 - INFO - Train Loss: 0.077 | Train Acc: 97.98%
2025-02-13 17:49:56,498 - INFO - Val Loss: 0.005 | Val Acc: 100.00%
2025-02-13 17:49:56,498 - INFO - Early stopping triggered
2025-02-13 17:49:56,502 - INFO - Training completed successfully
2025-02-14 17:24:59,777 - INFO - Using device: cuda
2025-02-14 17:24:59,804 - INFO - Number of training samples: 1779
2025-02-14 17:24:59,804 - INFO - Number of validation samples: 461
2025-02-14 17:26:13,046 - INFO - Epoch 1/50:
2025-02-14 17:26:13,047 - INFO - Train Loss: 3.249 | Train Acc: 4.67%
2025-02-14 17:26:13,047 - INFO - Val Loss: 7.739 | Val Acc: 4.34%
2025-02-14 17:26:13,197 - INFO - Checkpoint saved successfully to d:\ul8ziz\GitHub\thamudic-language-module\models\checkpoints\best_model.pt
2025-02-14 17:26:13,197 - INFO - Saved best model to d:\ul8ziz\GitHub\thamudic-language-module\models\checkpoints\best_model.pt
2025-02-14 17:28:58,366 - INFO - Using device: cuda
2025-02-14 17:28:58,384 - INFO - Number of training samples: 1779
2025-02-14 17:28:58,384 - INFO - Number of validation samples: 461
2025-02-14 17:32:43,296 - INFO - Using device: cuda
2025-02-14 17:33:37,317 - INFO - Using device: cuda
2025-02-14 17:36:25,615 - INFO - Using device: cuda
2025-02-14 17:37:13,252 - INFO - Using device: cuda
2025-02-14 17:37:46,695 - INFO - Using device: cuda
2025-02-14 17:38:22,460 - INFO - Using device: cuda
2025-02-14 17:41:51,748 - INFO - Epoch 1/50:
2025-02-14 17:41:51,750 - INFO - Train Loss: 1.466 | Train Acc: 53.10%
2025-02-14 17:41:51,750 - INFO - Val Loss: 0.473 | Val Acc: 84.21%
2025-02-14 17:41:51,909 - INFO - Checkpoint saved successfully to d:\ul8ziz\GitHub\thamudic-language-module\models\checkpoints\best_model.pt
2025-02-14 17:41:51,909 - INFO - Saved best model to d:\ul8ziz\GitHub\thamudic-language-module\models\checkpoints\best_model.pt
2025-02-14 17:45:13,902 - INFO - Epoch 2/50:
2025-02-14 17:45:13,902 - INFO - Train Loss: 0.359 | Train Acc: 89.39%
2025-02-14 17:45:13,902 - INFO - Val Loss: 0.117 | Val Acc: 96.45%
2025-02-14 17:45:14,074 - INFO - Checkpoint saved successfully to d:\ul8ziz\GitHub\thamudic-language-module\models\checkpoints\best_model.pt
2025-02-14 17:45:14,075 - INFO - Saved best model to d:\ul8ziz\GitHub\thamudic-language-module\models\checkpoints\best_model.pt
2025-02-14 17:48:32,148 - INFO - Epoch 3/50:
2025-02-14 17:48:32,150 - INFO - Train Loss: 0.176 | Train Acc: 94.95%
2025-02-14 17:48:32,150 - INFO - Val Loss: 0.057 | Val Acc: 98.60%
2025-02-14 17:48:32,305 - INFO - Checkpoint saved successfully to d:\ul8ziz\GitHub\thamudic-language-module\models\checkpoints\best_model.pt
2025-02-14 17:48:32,305 - INFO - Saved best model to d:\ul8ziz\GitHub\thamudic-language-module\models\checkpoints\best_model.pt
2025-02-14 17:52:09,978 - INFO - Epoch 4/50:
2025-02-14 17:52:09,978 - INFO - Train Loss: 0.120 | Train Acc: 96.54%
2025-02-14 17:52:09,978 - INFO - Val Loss: 0.020 | Val Acc: 99.44%
2025-02-14 17:52:10,198 - INFO - Checkpoint saved successfully to d:\ul8ziz\GitHub\thamudic-language-module\models\checkpoints\best_model.pt
2025-02-14 17:52:10,198 - INFO - Saved best model to d:\ul8ziz\GitHub\thamudic-language-module\models\checkpoints\best_model.pt
2025-02-14 17:59:30,826 - INFO - Epoch 5/50:
2025-02-14 17:59:30,827 - INFO - Train Loss: 0.091 | Train Acc: 97.41%
2025-02-14 17:59:30,827 - INFO - Val Loss: 0.024 | Val Acc: 99.30%
2025-02-14 18:03:21,462 - INFO - Epoch 6/50:
2025-02-14 18:03:21,462 - INFO - Train Loss: 0.079 | Train Acc: 97.92%
2025-02-14 18:03:21,462 - INFO - Val Loss: 0.020 | Val Acc: 99.41%
2025-02-14 18:03:21,677 - INFO - Checkpoint saved successfully to d:\ul8ziz\GitHub\thamudic-language-module\models\checkpoints\best_model.pt
2025-02-14 18:03:21,677 - INFO - Saved best model to d:\ul8ziz\GitHub\thamudic-language-module\models\checkpoints\best_model.pt
2025-02-14 18:07:05,864 - INFO - Epoch 7/50:
2025-02-14 18:07:05,866 - INFO - Train Loss: 0.065 | Train Acc: 98.20%
2025-02-14 18:07:05,866 - INFO - Val Loss: 0.010 | Val Acc: 99.72%
2025-02-14 18:07:06,078 - INFO - Checkpoint saved successfully to d:\ul8ziz\GitHub\thamudic-language-module\models\checkpoints\best_model.pt
2025-02-14 18:07:06,078 - INFO - Saved best model to d:\ul8ziz\GitHub\thamudic-language-module\models\checkpoints\best_model.pt
2025-02-14 18:11:03,606 - INFO - Epoch 8/50:
2025-02-14 18:11:03,608 - INFO - Train Loss: 0.058 | Train Acc: 98.45%
2025-02-14 18:11:03,608 - INFO - Val Loss: 0.012 | Val Acc: 99.60%
2025-02-14 18:14:58,268 - INFO - Epoch 9/50:
2025-02-14 18:14:58,269 - INFO - Train Loss: 0.055 | Train Acc: 98.47%
2025-02-14 18:14:58,269 - INFO - Val Loss: 0.010 | Val Acc: 99.73%
2025-02-14 18:18:46,580 - INFO - Epoch 10/50:
2025-02-14 18:18:46,581 - INFO - Train Loss: 0.039 | Train Acc: 98.92%
2025-02-14 18:18:46,581 - INFO - Val Loss: 0.004 | Val Acc: 99.90%
2025-02-14 18:18:46,808 - INFO - Checkpoint saved successfully to d:\ul8ziz\GitHub\thamudic-language-module\models\checkpoints\best_model.pt
2025-02-14 18:18:46,808 - INFO - Saved best model to d:\ul8ziz\GitHub\thamudic-language-module\models\checkpoints\best_model.pt
2025-02-14 18:22:43,890 - INFO - Epoch 11/50:
2025-02-14 18:22:43,890 - INFO - Train Loss: 0.045 | Train Acc: 98.71%
2025-02-14 18:22:43,890 - INFO - Val Loss: 0.010 | Val Acc: 99.69%
2025-02-14 18:26:37,068 - INFO - Epoch 12/50:
2025-02-14 18:26:37,068 - INFO - Train Loss: 0.035 | Train Acc: 99.02%
2025-02-14 18:26:37,069 - INFO - Val Loss: 0.004 | Val Acc: 99.89%
2025-02-14 18:30:31,134 - INFO - Epoch 13/50:
2025-02-14 18:30:31,134 - INFO - Train Loss: 0.035 | Train Acc: 98.93%
2025-02-14 18:30:31,134 - INFO - Val Loss: 0.019 | Val Acc: 99.52%
2025-02-14 18:34:21,226 - INFO - Epoch 14/50:
2025-02-14 18:34:21,227 - INFO - Train Loss: 0.033 | Train Acc: 99.04%
2025-02-14 18:34:21,227 - INFO - Val Loss: 0.005 | Val Acc: 99.87%
2025-02-14 18:37:38,861 - INFO - Epoch 15/50:
2025-02-14 18:37:38,861 - INFO - Train Loss: 0.014 | Train Acc: 99.58%
2025-02-14 18:37:38,861 - INFO - Val Loss: 0.001 | Val Acc: 99.96%
2025-02-14 18:37:39,007 - INFO - Checkpoint saved successfully to d:\ul8ziz\GitHub\thamudic-language-module\models\checkpoints\best_model.pt
2025-02-14 18:37:39,007 - INFO - Saved best model to d:\ul8ziz\GitHub\thamudic-language-module\models\checkpoints\best_model.pt
2025-02-14 18:40:54,288 - INFO - Epoch 16/50:
2025-02-14 18:40:54,288 - INFO - Train Loss: 0.007 | Train Acc: 99.80%
2025-02-14 18:40:54,289 - INFO - Val Loss: 0.001 | Val Acc: 99.98%
2025-02-14 18:40:54,444 - INFO - Checkpoint saved successfully to d:\ul8ziz\GitHub\thamudic-language-module\models\checkpoints\best_model.pt
2025-02-14 18:40:54,444 - INFO - Saved best model to d:\ul8ziz\GitHub\thamudic-language-module\models\checkpoints\best_model.pt
2025-02-14 18:44:09,488 - INFO - Epoch 17/50:
2025-02-14 18:44:09,488 - INFO - Train Loss: 0.006 | Train Acc: 99.81%
2025-02-14 18:44:09,488 - INFO - Val Loss: 0.001 | Val Acc: 99.98%
2025-02-14 18:44:09,650 - INFO - Checkpoint saved successfully to d:\ul8ziz\GitHub\thamudic-language-module\models\checkpoints\best_model.pt
2025-02-14 18:44:09,650 - INFO - Saved best model to d:\ul8ziz\GitHub\thamudic-language-module\models\checkpoints\best_model.pt
2025-02-14 18:47:24,676 - INFO - Epoch 18/50:
2025-02-14 18:47:24,677 - INFO - Train Loss: 0.005 | Train Acc: 99.83%
2025-02-14 18:47:24,677 - INFO - Val Loss: 0.000 | Val Acc: 100.00%
2025-02-14 18:47:24,839 - INFO - Checkpoint saved successfully to d:\ul8ziz\GitHub\thamudic-language-module\models\checkpoints\best_model.pt
2025-02-14 18:47:24,839 - INFO - Saved best model to d:\ul8ziz\GitHub\thamudic-language-module\models\checkpoints\best_model.pt
2025-02-14 18:50:39,780 - INFO - Epoch 19/50:
2025-02-14 18:50:39,782 - INFO - Train Loss: 0.005 | Train Acc: 99.88%
2025-02-14 18:50:39,782 - INFO - Val Loss: 0.000 | Val Acc: 100.00%
2025-02-14 18:50:39,931 - INFO - Checkpoint saved successfully to d:\ul8ziz\GitHub\thamudic-language-module\models\checkpoints\best_model.pt
2025-02-14 18:50:39,933 - INFO - Saved best model to d:\ul8ziz\GitHub\thamudic-language-module\models\checkpoints\best_model.pt
2025-02-14 18:53:54,659 - INFO - Epoch 20/50:
2025-02-14 18:53:54,661 - INFO - Train Loss: 0.004 | Train Acc: 99.90%
2025-02-14 18:53:54,661 - INFO - Val Loss: 0.000 | Val Acc: 100.00%
2025-02-14 18:53:54,814 - INFO - Checkpoint saved successfully to d:\ul8ziz\GitHub\thamudic-language-module\models\checkpoints\best_model.pt
2025-02-14 18:53:54,815 - INFO - Saved best model to d:\ul8ziz\GitHub\thamudic-language-module\models\checkpoints\best_model.pt
2025-02-14 18:57:10,567 - INFO - Epoch 21/50:
2025-02-14 18:57:10,569 - INFO - Train Loss: 0.002 | Train Acc: 99.94%
2025-02-14 18:57:10,569 - INFO - Val Loss: 0.000 | Val Acc: 100.00%
2025-02-14 18:57:10,712 - INFO - Checkpoint saved successfully to d:\ul8ziz\GitHub\thamudic-language-module\models\checkpoints\best_model.pt
2025-02-14 18:57:10,712 - INFO - Saved best model to d:\ul8ziz\GitHub\thamudic-language-module\models\checkpoints\best_model.pt
2025-02-14 19:00:26,261 - INFO - Epoch 22/50:
2025-02-14 19:00:26,261 - INFO - Train Loss: 0.002 | Train Acc: 99.93%
2025-02-14 19:00:26,262 - INFO - Val Loss: 0.000 | Val Acc: 100.00%
2025-02-14 19:00:26,421 - INFO - Checkpoint saved successfully to d:\ul8ziz\GitHub\thamudic-language-module\models\checkpoints\best_model.pt
2025-02-14 19:00:26,421 - INFO - Saved best model to d:\ul8ziz\GitHub\thamudic-language-module\models\checkpoints\best_model.pt
2025-02-14 19:03:48,995 - INFO - Epoch 23/50:
2025-02-14 19:03:48,995 - INFO - Train Loss: 0.003 | Train Acc: 99.90%
2025-02-14 19:03:48,995 - INFO - Val Loss: 0.000 | Val Acc: 100.00%
2025-02-14 19:03:49,158 - INFO - Checkpoint saved successfully to d:\ul8ziz\GitHub\thamudic-language-module\models\checkpoints\best_model.pt
2025-02-14 19:03:49,158 - INFO - Saved best model to d:\ul8ziz\GitHub\thamudic-language-module\models\checkpoints\best_model.pt
2025-02-14 19:07:11,497 - INFO - Epoch 24/50:
2025-02-14 19:07:11,497 - INFO - Train Loss: 0.002 | Train Acc: 99.93%
2025-02-14 19:07:11,498 - INFO - Val Loss: 0.000 | Val Acc: 100.00%
2025-02-14 19:07:11,655 - INFO - Checkpoint saved successfully to d:\ul8ziz\GitHub\thamudic-language-module\models\checkpoints\best_model.pt
2025-02-14 19:07:11,656 - INFO - Saved best model to d:\ul8ziz\GitHub\thamudic-language-module\models\checkpoints\best_model.pt
2025-02-14 19:10:33,938 - INFO - Epoch 25/50:
2025-02-14 19:10:33,938 - INFO - Train Loss: 0.003 | Train Acc: 99.92%
2025-02-14 19:10:33,939 - INFO - Val Loss: 0.000 | Val Acc: 100.00%
2025-02-14 19:13:56,106 - INFO - Epoch 26/50:
2025-02-14 19:13:56,108 - INFO - Train Loss: 0.002 | Train Acc: 99.96%
2025-02-14 19:13:56,108 - INFO - Val Loss: 0.000 | Val Acc: 100.00%
2025-02-14 19:17:18,342 - INFO - Epoch 27/50:
2025-02-14 19:17:18,343 - INFO - Train Loss: 0.002 | Train Acc: 99.92%
2025-02-14 19:17:18,343 - INFO - Val Loss: 0.000 | Val Acc: 100.00%
2025-02-14 19:20:40,448 - INFO - Epoch 28/50:
2025-02-14 19:20:40,448 - INFO - Train Loss: 0.002 | Train Acc: 99.94%
2025-02-14 19:20:40,448 - INFO - Val Loss: 0.000 | Val Acc: 100.00%
2025-02-14 19:20:40,612 - INFO - Checkpoint saved successfully to d:\ul8ziz\GitHub\thamudic-language-module\models\checkpoints\best_model.pt
2025-02-14 19:20:40,612 - INFO - Saved best model to d:\ul8ziz\GitHub\thamudic-language-module\models\checkpoints\best_model.pt
2025-02-14 19:24:02,802 - INFO - Epoch 29/50:
2025-02-14 19:24:02,804 - INFO - Train Loss: 0.002 | Train Acc: 99.93%
2025-02-14 19:24:02,804 - INFO - Val Loss: 0.000 | Val Acc: 100.00%
2025-02-14 19:24:02,960 - INFO - Checkpoint saved successfully to d:\ul8ziz\GitHub\thamudic-language-module\models\checkpoints\best_model.pt
2025-02-14 19:24:02,960 - INFO - Saved best model to d:\ul8ziz\GitHub\thamudic-language-module\models\checkpoints\best_model.pt
2025-02-14 19:27:25,188 - INFO - Epoch 30/50:
2025-02-14 19:27:25,188 - INFO - Train Loss: 0.001 | Train Acc: 99.97%
2025-02-14 19:27:25,189 - INFO - Val Loss: 0.000 | Val Acc: 100.00%
2025-02-14 19:27:25,346 - INFO - Checkpoint saved successfully to d:\ul8ziz\GitHub\thamudic-language-module\models\checkpoints\best_model.pt
2025-02-14 19:27:25,348 - INFO - Saved best model to d:\ul8ziz\GitHub\thamudic-language-module\models\checkpoints\best_model.pt
2025-02-14 19:30:47,455 - INFO - Epoch 31/50:
2025-02-14 19:30:47,458 - INFO - Train Loss: 0.001 | Train Acc: 99.98%
2025-02-14 19:30:47,458 - INFO - Val Loss: 0.000 | Val Acc: 100.00%
2025-02-14 19:30:47,615 - INFO - Checkpoint saved successfully to d:\ul8ziz\GitHub\thamudic-language-module\models\checkpoints\best_model.pt
2025-02-14 19:30:47,615 - INFO - Saved best model to d:\ul8ziz\GitHub\thamudic-language-module\models\checkpoints\best_model.pt
2025-02-14 19:34:09,742 - INFO - Epoch 32/50:
2025-02-14 19:34:09,743 - INFO - Train Loss: 0.002 | Train Acc: 99.94%
2025-02-14 19:34:09,743 - INFO - Val Loss: 0.000 | Val Acc: 100.00%
2025-02-14 19:37:31,880 - INFO - Epoch 33/50:
2025-02-14 19:37:31,880 - INFO - Train Loss: 0.002 | Train Acc: 99.94%
2025-02-14 19:37:31,880 - INFO - Val Loss: 0.000 | Val Acc: 100.00%
2025-02-14 19:40:53,930 - INFO - Epoch 34/50:
2025-02-14 19:40:53,930 - INFO - Train Loss: 0.003 | Train Acc: 99.92%
2025-02-14 19:40:53,930 - INFO - Val Loss: 0.000 | Val Acc: 100.00%
2025-02-14 19:44:15,995 - INFO - Epoch 35/50:
2025-02-14 19:44:15,997 - INFO - Train Loss: 0.002 | Train Acc: 99.93%
2025-02-14 19:44:15,997 - INFO - Val Loss: 0.000 | Val Acc: 100.00%
2025-02-14 19:47:38,140 - INFO - Epoch 36/50:
2025-02-14 19:47:38,140 - INFO - Train Loss: 0.001 | Train Acc: 99.97%
2025-02-14 19:47:38,140 - INFO - Val Loss: 0.000 | Val Acc: 100.00%
2025-02-14 19:47:38,140 - INFO - Early stopping triggered
2025-02-14 19:47:38,145 - INFO - Training completed successfully
